<?xml version="1.0" encoding="UTF-8"?>
<testng-results ignored="0" total="1" passed="1" failed="0" skipped="0">
  <reporter-output>
  </reporter-output>
  <suite started-at="2023-11-18T00:04:56 IST" name="Default suite" finished-at="2023-11-18T00:05:30 IST" duration-ms="34389">
    <groups>
    </groups>
    <test started-at="2023-11-18T00:04:56 IST" name="Default test" finished-at="2023-11-18T00:05:30 IST" duration-ms="34389">
      <class name="test.BrokenImgs">
        <test-method signature="homepage()[pri:0, instance:test.BrokenImgs@6a400542]" started-at="2023-11-18T00:04:56 IST" name="homepage" finished-at="2023-11-18T00:05:30 IST" duration-ms="34357" status="PASS">
          <reporter-output>
          </reporter-output>
        </test-method> <!-- homepage -->
      </class> <!-- test.BrokenImgs -->
    </test> <!-- Default test -->
  </suite> <!-- Default suite -->
</testng-results>
