<?xml version="1.0" encoding="UTF-8"?>
<testng-results ignored="0" total="1" passed="1" failed="0" skipped="0">
  <reporter-output>
  </reporter-output>
  <suite started-at="2023-11-17T00:33:33 IST" name="Default suite" finished-at="2023-11-17T00:33:59 IST" duration-ms="25834">
    <groups>
    </groups>
    <test started-at="2023-11-17T00:33:33 IST" name="Default test" finished-at="2023-11-17T00:33:59 IST" duration-ms="25834">
      <class name="test.BrokenImgs">
        <test-method signature="l1()[pri:0, instance:test.BrokenImgs@a9cd3b1]" started-at="2023-11-17T00:33:33 IST" name="l1" finished-at="2023-11-17T00:33:59 IST" duration-ms="25809" status="PASS">
          <reporter-output>
          </reporter-output>
        </test-method> <!-- l1 -->
      </class> <!-- test.BrokenImgs -->
    </test> <!-- Default test -->
  </suite> <!-- Default suite -->
</testng-results>
